<?xml version="1.0" encoding="UTF-8"?>
<testsuite xmlns:xsi="http://www.w3.org/2001/XMLSchema-instance" xsi:schemaLocation="https://maven.apache.org/surefire/maven-surefire-plugin/xsd/surefire-test-report.xsd" name="Scenario: This is demo test" time="11.155" tests="3" errors="0" skipped="0" failures="0">
  <properties>
    <property name="java.runtime.name" value="Java(TM) SE Runtime Environment"/>
    <property name="sun.boot.library.path" value="C:\Program Files\Java\jdk1.8.0_144\jre\bin"/>
    <property name="java.vm.version" value="25.144-b01"/>
    <property name="java.vm.vendor" value="Oracle Corporation"/>
    <property name="java.vendor.url" value="http://java.oracle.com/"/>
    <property name="path.separator" value=";"/>
    <property name="guice.disable.misplaced.annotation.check" value="true"/>
    <property name="java.vm.name" value="Java HotSpot(TM) 64-Bit Server VM"/>
    <property name="file.encoding.pkg" value="sun.io"/>
    <property name="user.script" value=""/>
    <property name="user.country" value="IN"/>
    <property name="sun.java.launcher" value="SUN_STANDARD"/>
    <property name="sun.os.patch.level" value=""/>
    <property name="java.vm.specification.name" value="Java Virtual Machine Specification"/>
    <property name="user.dir" value="F:\Git\Automation"/>
    <property name="java.runtime.version" value="1.8.0_144-b01"/>
    <property name="java.awt.graphicsenv" value="sun.awt.Win32GraphicsEnvironment"/>
    <property name="java.endorsed.dirs" value="C:\Program Files\Java\jdk1.8.0_144\jre\lib\endorsed"/>
    <property name="os.arch" value="amd64"/>
    <property name="java.io.tmpdir" value="C:\Users\sanjiv\AppData\Local\Temp\"/>
    <property name="line.separator" value="&#10;"/>
    <property name="java.vm.specification.vendor" value="Oracle Corporation"/>
    <property name="user.variant" value=""/>
    <property name="os.name" value="Windows 10"/>
    <property name="classworlds.conf" value="C:\Users\sanjiv\Kepler\.metadata\.plugins\org.eclipse.m2e.core\launches\m2conf8025041228744756486.tmp"/>
    <property name="sun.jnu.encoding" value="Cp1252"/>
    <property name="java.library.path" value="C:\Program Files\Java\jdk1.8.0_144\bin;C:\WINDOWS\Sun\Java\bin;C:\WINDOWS\system32;C:\WINDOWS;C:/Program Files (x86)/Java/jre1.8.0_151/bin/client;C:/Program Files (x86)/Java/jre1.8.0_151/bin;C:/Program Files (x86)/Java/jre1.8.0_151/lib/i386;C:\ProgramData\Oracle\Java\javapath;C:\Program Files;C:\Winnt;C:\Winnt\System32;F:\Selenium\Maven\apache-maven-3.5.2\bin\bin;C:\Program Files (x86)\Windows Kits\8.1\Windows Performance Toolkit\;C:\WINDOWS\system32;C:\WINDOWS;C:\WINDOWS\System32\Wbem;C:\WINDOWS\System32\WindowsPowerShell\v1.0\;C:\Program Files (x86)\Skype\Phone\;C:\Program Files\Microsoft SQL Server\120\Tools\Binn\;C:\Program Files\Microsoft SQL Server\Client SDK\ODBC\110\Tools\Binn\;C:\Program Files (x86)\Microsoft SQL Server\120\Tools\Binn\;C:\Program Files\Microsoft SQL Server\120\DTS\Binn\;C:\Program Files (x86)\Microsoft SQL Server\120\Tools\Binn\ManagementStudio\;C:\Program Files (x86)\Microsoft SQL Server\120\DTS\Binn\;C:\ProgramData\chocolatey\bin;C:\Users\sanjiv\AppData\Roaming\npm;C:\Program Files\nodejs\;F:\CasperJS\casperjs-1.1.4-1\casperjs-1.1.4-1\bin;F:\CasperJS\phantomjs-2.1.1-windows\phantomjs-2.1.1-windows\bin;C:\Program Files\Git\cmd;F:\Selenium\Maven\apache-maven-3.5.2\bin;C:\Program Files\Java\jdk1.8.0_144\bin;C:\Program Files\Java\jre1.8.0_144\bin;F:\Terraform;C:\Program Files (x86)\Java\jdk1.8\bin;C:\Users\sanjiv\AppData\Local\Microsoft\WindowsApps;C:\Program Files (x86)\Microsoft VS Code\bin;C:\Users\sanjiv\AppData\Roaming\npm;F:\Selenium\Maven\apache-maven-3.5.2\bin;;F:\Eclipse\eclipse-standard-kepler-SR2-win32\eclipse;;."/>
    <property name="java.specification.name" value="Java Platform API Specification"/>
    <property name="java.class.version" value="52.0"/>
    <property name="sun.management.compiler" value="HotSpot 64-Bit Tiered Compilers"/>
    <property name="os.version" value="10.0"/>
    <property name="user.home" value="C:\Users\sanjiv"/>
    <property name="user.timezone" value="Asia/Calcutta"/>
    <property name="java.awt.printerjob" value="sun.awt.windows.WPrinterJob"/>
    <property name="java.specification.version" value="1.8"/>
    <property name="file.encoding" value="Cp1252"/>
    <property name="user.name" value="Sanjiv"/>
    <property name="java.class.path" value="/F:/Eclipse/eclipse-standard-kepler-SR2-win32/eclipse/plugins/org.eclipse.m2e.maven.runtime_1.0.200.20111228-1245/jars/plexus-classworlds-2.4.jar"/>
    <property name="java.vm.specification.version" value="1.8"/>
    <property name="sun.arch.data.model" value="64"/>
    <property name="java.home" value="C:\Program Files\Java\jdk1.8.0_144\jre"/>
    <property name="sun.java.command" value="org.codehaus.plexus.classworlds.launcher.Launcher -B install"/>
    <property name="java.specification.vendor" value="Oracle Corporation"/>
    <property name="user.language" value="en"/>
    <property name="awt.toolkit" value="sun.awt.windows.WToolkit"/>
    <property name="java.vm.info" value="mixed mode"/>
    <property name="java.version" value="1.8.0_144"/>
    <property name="java.ext.dirs" value="C:\Program Files\Java\jdk1.8.0_144\jre\lib\ext;C:\WINDOWS\Sun\Java\lib\ext"/>
    <property name="sun.boot.class.path" value="C:\Program Files\Java\jdk1.8.0_144\jre\lib\resources.jar;C:\Program Files\Java\jdk1.8.0_144\jre\lib\rt.jar;C:\Program Files\Java\jdk1.8.0_144\jre\lib\sunrsasign.jar;C:\Program Files\Java\jdk1.8.0_144\jre\lib\jsse.jar;C:\Program Files\Java\jdk1.8.0_144\jre\lib\jce.jar;C:\Program Files\Java\jdk1.8.0_144\jre\lib\charsets.jar;C:\Program Files\Java\jdk1.8.0_144\jre\lib\jfr.jar;C:\Program Files\Java\jdk1.8.0_144\jre\classes"/>
    <property name="java.vendor" value="Oracle Corporation"/>
    <property name="maven.home" value="F:\Git\Automation\EMBEDDED"/>
    <property name="file.separator" value="\"/>
    <property name="java.vendor.url.bug" value="http://bugreport.sun.com/bugreport/"/>
    <property name="sun.cpu.endian" value="little"/>
    <property name="sun.io.unicode.encoding" value="UnicodeLittle"/>
    <property name="sun.desktop" value="windows"/>
    <property name="sun.cpu.isalist" value="amd64"/>
  </properties>
  <testcase name="Scenario: This is demo test" classname="Scenario: This is demo test" time="0"/>
  <testcase name="Given I launch the &quot;https://Google.com&quot; page" classname="Scenario: This is demo test" time="0"/>
  <testcase name="Then I verify the page" classname="Scenario: This is demo test" time="0"/>
</testsuite>